<?xml version="1.0" encoding="UTF-8"?>
<testsuite xmlns:xsi="http://www.w3.org/2001/XMLSchema-instance" xsi:noNamespaceSchemaLocation="https://maven.apache.org/surefire/maven-surefire-plugin/xsd/surefire-test-report-3.0.xsd" version="3.0" name="org.springframework.samples.petclinic.MySqlIntegrationTests" time="51.33" tests="2" errors="0" skipped="0" failures="0">
  <properties>
[...]
</properties>
  <testcase name="testFindAll" classname="org.springframework.samples.petclinic.MySqlIntegrationTests" time="0.872">
    <system-out><![CDATA[15:40:43.178 [main] INFO org.testcontainers.dockerclient.DockerClientProviderStrategy -- Loaded org.testcontainers.dockerclient.NpipeSocketClientProviderStrategy from ~/.testcontainers.properties, will try it first
15:40:43.923 [main] INFO org.testcontainers.dockerclient.DockerClientProviderStrategy -- Found Docker environment with local Npipe socket (npipe:////./pipe/docker_engine)
15:40:43.927 [main] INFO org.testcontainers.DockerClientFactory -- Docker host IP address is localhost
15:40:43.968 [main] INFO org.testcontainers.DockerClientFactory -- Connected to docker: 
  Server Version: 26.1.1
  API Version: 1.45
  Operating System: Docker Desktop
  Total Memory: 7906 MB
15:40:44.008 [main] INFO org.testcontainers.images.PullPolicy -- Image pull policy will be performed by: DefaultPullPolicy()
15:40:44.012 [main] INFO org.testcontainers.utility.ImageNameSubstitutor -- Image name substitution will be performed by: DefaultImageNameSubstitutor (composite of 'ConfigurationFileImageNameSubstitutor' and 'PrefixingImageNameSubstitutor')
15:40:44.066 [main] INFO tc.testcontainers/ryuk:0.7.0 -- Creating container for image: testcontainers/ryuk:0.7.0
15:40:44.615 [main] INFO tc.testcontainers/ryuk:0.7.0 -- Container testcontainers/ryuk:0.7.0 is starting: e313f4a5e8a0411a6cb46a9b6698b55d61bf3daa894e2f45e3ba3f19e4f4d4a5
15:40:45.299 [main] INFO tc.testcontainers/ryuk:0.7.0 -- Container testcontainers/ryuk:0.7.0 started in PT1.2319381S
15:40:45.307 [main] INFO org.testcontainers.utility.RyukResourceReaper -- Ryuk started - will monitor and terminate Testcontainers containers on JVM exit
15:40:45.307 [main] INFO org.testcontainers.DockerClientFactory -- Checking the system...
15:40:45.308 [main] INFO org.testcontainers.DockerClientFactory -- ?? Docker server version should be at least 1.6.0
15:40:45.506 [main] INFO org.springframework.test.context.support.AnnotationConfigContextLoaderUtils -- Could not detect default configuration classes for test class [org.springframework.samples.petclinic.MySqlIntegrationTests]: MySqlIntegrationTests does not declare any static, non-private, non-final, nested classes annotated with @Configuration.
15:40:45.813 [main] INFO org.springframework.boot.test.context.SpringBootTestContextBootstrapper -- Found @SpringBootConfiguration org.springframework.samples.petclinic.PetClinicApplication for test class org.springframework.samples.petclinic.MySqlIntegrationTests
15:40:46.025 [main] INFO tc.mysql:8.4 -- Creating container for image: mysql:8.4
15:40:46.171 [main] INFO tc.mysql:8.4 -- Container mysql:8.4 is starting: 9219e3521465f2e79f0918e84fde8c6206cecd8d31b93930ad35c63acd02fa65
15:40:46.637 [main] INFO tc.mysql:8.4 -- Waiting for database connection to become available at jdbc:mysql://localhost:52929/test using query 'SELECT 1'
15:41:03.208 [main] INFO tc.mysql:8.4 -- Container mysql:8.4 started in PT17.182815S
15:41:03.209 [main] INFO tc.mysql:8.4 -- Container is started (JDBC URL: jdbc:mysql://localhost:52929/test)
15:41:03.371 [main] INFO org.springframework.boot.devtools.restart.RestartApplicationListener -- Restart disabled due to context in which it is running


              |\      _,,,--,,_
             /,`.-'`'   ._  \-;;,_
  _______ __|,4-  ) )_   .;.(__`'-'__     ___ __    _ ___ _______
 |       | '---''(_/._)-'(_\_)   |   |   |   |  |  | |   |       |
 |    _  |    ___|_     _|       |   |   |   |   |_| |   |       | __ _ _
 |   |_| |   |___  |   | |       |   |   |   |       |   |       | \ \ \ \
 |    ___|    ___| |   | |      _|   |___|   |  _    |   |      _|  \ \ \ \
 |   |   |   |___  |   | |     |_|       |   | | |   |   |     |_    ) ) ) )
 |___|   |_______| |___| |_______|_______|___|_|  |__|___|_______|  / / / /
 ==================================================================/_/_/_/

:: Built with Spring Boot :: 3.3.0


2024-06-13T15:41:03.890+07:00  INFO 22996 --- [           main] o.s.s.petclinic.MySqlIntegrationTests    : Starting MySqlIntegrationTests using Java 17.0.11 with PID 22996 (started by dungh in D:\PROJECT\Gitclone\spring-petclinic1)
2024-06-13T15:41:03.896+07:00  INFO 22996 --- [           main] o.s.s.petclinic.MySqlIntegrationTests    : The following 1 profile is active: "mysql"
2024-06-13T15:41:05.905+07:00  INFO 22996 --- [           main] .s.d.r.c.RepositoryConfigurationDelegate : Bootstrapping Spring Data JPA repositories in DEFAULT mode.
2024-06-13T15:41:06.179+07:00  INFO 22996 --- [           main] .s.d.r.c.RepositoryConfigurationDelegate : Finished Spring Data repository scanning in 239 ms. Found 2 JPA repository interfaces.
2024-06-13T15:41:08.706+07:00  INFO 22996 --- [           main] o.s.b.w.embedded.tomcat.TomcatWebServer  : Tomcat initialized with port 0 (http)
2024-06-13T15:41:08.728+07:00  INFO 22996 --- [           main] o.apache.catalina.core.StandardService   : Starting service [Tomcat]
2024-06-13T15:41:08.729+07:00  INFO 22996 --- [           main] o.apache.catalina.core.StandardEngine    : Starting Servlet engine: [Apache Tomcat/10.1.24]
2024-06-13T15:41:08.832+07:00  INFO 22996 --- [           main] o.a.c.c.C.[Tomcat].[localhost].[/]       : Initializing Spring embedded WebApplicationContext
2024-06-13T15:41:08.833+07:00  INFO 22996 --- [           main] w.s.c.ServletWebServerApplicationContext : Root WebApplicationContext: initialization completed in 4871 ms
2024-06-13T15:41:09.310+07:00  INFO 22996 --- [           main] tc.mysql:8.4                             : Creating container for image: mysql:8.4
2024-06-13T15:41:09.443+07:00  INFO 22996 --- [           main] tc.mysql:8.4                             : Container mysql:8.4 is starting: fa655b28fb245608c7a2f890f70996b32ed7702e51c7009052b7157e00628f2e
2024-06-13T15:41:09.900+07:00  INFO 22996 --- [           main] tc.mysql:8.4                             : Waiting for database connection to become available at jdbc:mysql://localhost:53081/test using query 'SELECT 1'
2024-06-13T15:41:24.359+07:00  INFO 22996 --- [           main] tc.mysql:8.4                             : Container mysql:8.4 started in PT15.0487373S
2024-06-13T15:41:24.359+07:00  INFO 22996 --- [           main] tc.mysql:8.4                             : Container is started (JDBC URL: jdbc:mysql://localhost:53081/test)
2024-06-13T15:41:24.473+07:00  INFO 22996 --- [           main] com.zaxxer.hikari.HikariDataSource       : HikariPool-1 - Starting...
2024-06-13T15:41:24.727+07:00  INFO 22996 --- [           main] com.zaxxer.hikari.pool.HikariPool        : HikariPool-1 - Added connection com.mysql.cj.jdbc.ConnectionImpl@2d6726f6
2024-06-13T15:41:24.729+07:00  INFO 22996 --- [           main] com.zaxxer.hikari.HikariDataSource       : HikariPool-1 - Start completed.
2024-06-13T15:41:25.971+07:00  INFO 22996 --- [           main] o.hibernate.jpa.internal.util.LogHelper  : HHH000204: Processing PersistenceUnitInfo [name: default]
2024-06-13T15:41:26.162+07:00  INFO 22996 --- [           main] org.hibernate.Version                    : HHH000412: Hibernate ORM core version 6.5.2.Final
2024-06-13T15:41:26.248+07:00  INFO 22996 --- [           main] o.h.c.internal.RegionFactoryInitiator    : HHH000026: Second-level cache disabled
2024-06-13T15:41:27.324+07:00  INFO 22996 --- [           main] o.s.o.j.p.SpringPersistenceUnitInfo      : No LoadTimeWeaver setup: ignoring JPA class transformer
2024-06-13T15:41:30.344+07:00  INFO 22996 --- [           main] o.h.e.t.j.p.i.JtaPlatformInitiator       : HHH000489: No JTA platform available (set 'hibernate.transaction.jta.platform' to enable JTA platform integration)
2024-06-13T15:41:30.348+07:00  INFO 22996 --- [           main] j.LocalContainerEntityManagerFactoryBean : Initialized JPA EntityManagerFactory for persistence unit 'default'
2024-06-13T15:41:30.896+07:00  INFO 22996 --- [           main] o.s.d.j.r.query.QueryEnhancerFactory     : Hibernate is in classpath; If applicable, HQL parser will be used.
2024-06-13T15:41:33.865+07:00  INFO 22996 --- [           main] o.s.b.a.e.web.EndpointLinksResolver      : Exposing 14 endpoints beneath base path '/actuator'
2024-06-13T15:41:34.102+07:00  INFO 22996 --- [           main] o.s.b.w.embedded.tomcat.TomcatWebServer  : Tomcat started on port 53239 (http) with context path '/'
2024-06-13T15:41:34.142+07:00  INFO 22996 --- [           main] o.s.s.petclinic.MySqlIntegrationTests    : Started MySqlIntegrationTests in 30.808 seconds (process running for 55.798)
]]></system-out>
  </testcase>
  <testcase name="testOwnerDetails" classname="org.springframework.samples.petclinic.MySqlIntegrationTests" time="0.992">
    <system-out><![CDATA[2024-06-13T15:41:35.343+07:00  INFO 22996 --- [o-auto-1-exec-1] o.a.c.c.C.[Tomcat].[localhost].[/]       : Initializing Spring DispatcherServlet 'dispatcherServlet'
2024-06-13T15:41:35.343+07:00  INFO 22996 --- [o-auto-1-exec-1] o.s.web.servlet.DispatcherServlet        : Initializing Servlet 'dispatcherServlet'
2024-06-13T15:41:35.345+07:00  INFO 22996 --- [o-auto-1-exec-1] o.s.web.servlet.DispatcherServlet        : Completed initialization in 1 ms
]]></system-out>
  </testcase>
</testsuite>